#
# A fatal error has been detected by the Java Runtime Environment:
#
#  SIGSEGV (0xb) at pc=0x00007ff58c778f8b, pid=6272, tid=0x00007ff5883ea700
#
# JRE version: Java(TM) SE Runtime Environment (8.0_191-b12) (build 1.8.0_191-b12)
# Java VM: Java HotSpot(TM) 64-Bit Server VM (25.191-b12 mixed mode linux-amd64 compressed oops)
# Problematic frame:
# C  [libc.so.6+0x153f8b]
#
# Failed to write core dump. Core dumps have been disabled. To enable core dumping, try "ulimit -c unlimited" before starting Java again
#
# If you would like to submit a bug report, please visit:
#   http://bugreport.java.com/bugreport/crash.jsp
# The crash happened outside the Java Virtual Machine in native code.
# See problematic frame for where to report the bug.
#

---------------  T H R E A D  ---------------

Current thread (0x00007ff5841d1000):  JavaThread "AMQP Connection 3.87.228.250:5672" [_thread_in_native, id=6282, stack(0x00007ff5882ea000,0x00007ff5883eb000)]

siginfo: si_signo: 11 (SIGSEGV), si_code: 2 (SEGV_ACCERR), si_addr: 0x00007ff588aa2000

Registers:
RAX=0x00007ff54c01ce50, RBX=0x00007ff584109ee0, RCX=0x0000000000008000, RDX=0x00000000000058e2
RSP=0x00007ff5883e71a8, RBP=0x00007ff5883e7220, RSI=0x00007ff588aa1ff4, RDI=0x00007ff54c01e7e0
R8 =0x00007ff54c01ce50, R9 =0x00007ff58c778f80, R10=0x00007ff54c000078, R11=0x00007ff58c7b0750
R12=0x0000000065727453, R13=0x0000000000007372, R14=0x00007ff54c01ce00, R15=0x00007ff588aa0636
RIP=0x00007ff58c778f8b, EFLAGS=0x0000000000010206, CSGSFS=0x002b000000000033, ERR=0x0000000000000004
  TRAPNO=0x000000000000000e

Top of Stack: (sp=0x00007ff5883e71a8)
0x00007ff5883e71a8:   00007ff58a2afcfa 00007ff5899717f8
0x00007ff5883e71b8:   000000008997ed68 0000000000000000
0x00007ff5883e71c8:   00007ff500007265 00000000000a0314
0x00007ff5883e71d8:   0000000061506d61 0000000000007372
0x00007ff5883e71e8:   000000007265632e 0000000000000023
0x00007ff5883e71f8:   00007ff5841022c0 0000000000000023
0x00007ff5883e7208:   00000000b45463f1 00007ff584109ee0
0x00007ff5883e7218:   00007ff54c01ca70 00007ff5883e7270
0x00007ff5883e7228:   00007ff58a2b08fe 01007ff500000023
0x00007ff5883e7238:   00007ff5883e7290 00007ff5897d72a8
0x00007ff5883e7248:   0000000000000023 00007ff5841d11f8
0x00007ff5883e7258:   00007ff5883e76e8 00007ff5883e7290
0x00007ff5883e7268:   00007ff584109ee0 00007ff5883e76d0
0x00007ff5883e7278:   00007ff58a2a19f6 00007ff589970da0
0x00007ff5883e7288:   00007ff500000001 34666c732f67726f
0x00007ff5883e7298:   4f2f6c706d692f6a 6f68437475707475
0x00007ff5883e72a8:   6c632e3124656369 0000000000737361
0x00007ff5883e72b8:   00007ff589912f48 00007ff5899627f0
0x00007ff5883e72c8:   00007ff58c6a0659 00007ff5883e78f0
0x00007ff5883e72d8:   00007ff5883e78e0 00007ff58c672f69
0x00007ff5883e72e8:   00007ff58c17964b 00007ff58c179649
0x00007ff5883e72f8:   00007ff58c66f42a 00007ff5899cbfc0
0x00007ff5883e7308:   00007ff589a07778 00007ff5899720f8
0x00007ff5883e7318:   0000000100021458 00007ff5897c1f10
0x00007ff5883e7328:   00007ff58995a4c8 00007ff5883e7460
0x00007ff5883e7338:   0000000089a07798 00007ff589ca4ef8
0x00007ff5883e7348:   00007ff5883e7410 00007ff589913340
0x00007ff5883e7358:   00007ff589970da0 0000000089ca5078
0x00007ff5883e7368:   00007ff500000000 0000000000000000
0x00007ff5883e7378:   00007ff500000000 0000000089910078
0x00007ff5883e7388:   0000000000000000 00007ff500000000
0x00007ff5883e7398:   00007ff500000000 00007ff50000002b 

Instructions: (pc=0x00007ff58c778f8b)
0x00007ff58c778f6b:   63 14 93 49 8d 14 13 ff e2 0f 0b 66 2e 0f 1f 84
0x00007ff58c778f7b:   00 00 00 00 00 48 81 ea 80 00 00 00 0f 28 4e fc
0x00007ff58c778f8b:   0f 28 56 0c 0f 28 5e 1c 0f 28 66 2c 0f 28 6e 3c
0x00007ff58c778f9b:   0f 28 76 4c 0f 28 7e 5c 44 0f 28 46 6c 44 0f 28 

Register to memory mapping:

RAX=0x00007ff54c01ce50 is an unknown value
RBX=0x00007ff584109ee0 is an unknown value
RCX=0x0000000000008000 is an unknown value
RDX=0x00000000000058e2 is an unknown value
RSP=0x00007ff5883e71a8 is pointing into the stack for thread: 0x00007ff5841d1000
RBP=0x00007ff5883e7220 is pointing into the stack for thread: 0x00007ff5841d1000
RSI=0x00007ff588aa1ff4 is an unknown value
RDI=0x00007ff54c01e7e0 is an unknown value
R8 =0x00007ff54c01ce50 is an unknown value
R9 =0x00007ff58c778f80: <offset 0x153f80> in /lib/x86_64-linux-gnu/libc.so.6 at 0x00007ff58c625000
R10=0x00007ff54c000078 is an unknown value
R11=0x00007ff58c7b0750: <offset 0x18b750> in /lib/x86_64-linux-gnu/libc.so.6 at 0x00007ff58c625000
R12=0x0000000065727453 is an unknown value
R13=0x0000000000007372 is an unknown value
R14=0x00007ff54c01ce00 is an unknown value
R15=0x00007ff588aa0636 is an unknown value


Stack: [0x00007ff5882ea000,0x00007ff5883eb000],  sp=0x00007ff5883e71a8,  free space=1012k
Native frames: (J=compiled Java code, j=interpreted, Vv=VM code, C=native code)
C  [libc.so.6+0x153f8b]
C  [libzip.so+0x128fe]  ZIP_GetEntry2+0xde
C  [libzip.so+0x39f6]  Java_java_util_zip_ZipFile_getEntry+0x76
J 181  java.util.zip.ZipFile.getEntry(J[BZ)J (0 bytes) @ 0x00007ff5751685ce [0x00007ff575168500+0xce]
J 245 C1 java.util.zip.ZipFile.getEntry(Ljava/lang/String;)Ljava/util/zip/ZipEntry; (101 bytes) @ 0x00007ff5751929cc [0x00007ff575192760+0x26c]
J 244 C1 java.util.jar.JarFile.getEntry(Ljava/lang/String;)Ljava/util/zip/ZipEntry; (22 bytes) @ 0x00007ff575192164 [0x00007ff5751920e0+0x84]
J 105 C1 sun.misc.URLClassPath$JarLoader.getResource(Ljava/lang/String;Z)Lsun/misc/Resource; (85 bytes) @ 0x00007ff5751409d4 [0x00007ff575140700+0x2d4]
J 131 C1 sun.misc.URLClassPath.getResource(Ljava/lang/String;Z)Lsun/misc/Resource; (83 bytes) @ 0x00007ff57515446c [0x00007ff575154300+0x16c]
J 219 C1 java.net.URLClassLoader$1.run()Ljava/lang/Class; (63 bytes) @ 0x00007ff575183edc [0x00007ff575183ce0+0x1fc]
J 218 C1 java.net.URLClassLoader$1.run()Ljava/lang/Object; (5 bytes) @ 0x00007ff57518337c [0x00007ff575183300+0x7c]
v  ~StubRoutines::call_stub
V  [libjvm.so+0x6852db]  JavaCalls::call_helper(JavaValue*, methodHandle*, JavaCallArguments*, Thread*)+0xddb
V  [libjvm.so+0x6fd1a4]  JVM_DoPrivileged+0x4f4
J 172  java.security.AccessController.doPrivileged(Ljava/security/PrivilegedExceptionAction;Ljava/security/AccessControlContext;)Ljava/lang/Object; (0 bytes) @ 0x00007ff575164955 [0x00007ff575164880+0xd5]
J 216 C1 java.net.URLClassLoader.findClass(Ljava/lang/String;)Ljava/lang/Class; (47 bytes) @ 0x00007ff5751822c4 [0x00007ff575182140+0x184]
J 103 C1 java.lang.ClassLoader.loadClass(Ljava/lang/String;Z)Ljava/lang/Class; (122 bytes) @ 0x00007ff5751423dc [0x00007ff575141a80+0x95c]
J 167 C1 sun.misc.Launcher$AppClassLoader.loadClass(Ljava/lang/String;Z)Ljava/lang/Class; (85 bytes) @ 0x00007ff575163b4c [0x00007ff5751631c0+0x98c]
J 166 C1 java.lang.ClassLoader.loadClass(Ljava/lang/String;)Ljava/lang/Class; (7 bytes) @ 0x00007ff575162584 [0x00007ff575162480+0x104]
v  ~StubRoutines::call_stub
V  [libjvm.so+0x6852db]  JavaCalls::call_helper(JavaValue*, methodHandle*, JavaCallArguments*, Thread*)+0xddb
V  [libjvm.so+0x682ba3]  JavaCalls::call_virtual(JavaValue*, KlassHandle, Symbol*, Symbol*, JavaCallArguments*, Thread*)+0x263
V  [libjvm.so+0x6831c3]  JavaCalls::call_virtual(JavaValue*, Handle, KlassHandle, Symbol*, Symbol*, Handle, Thread*)+0x53
V  [libjvm.so+0xa401e4]  SystemDictionary::load_instance_class(Symbol*, Handle, Thread*)+0x2e4
V  [libjvm.so+0xa3ebdb]  SystemDictionary::resolve_instance_class_or_null(Symbol*, Handle, Handle, Thread*)+0x87b
V  [libjvm.so+0xa40a89]  SystemDictionary::resolve_or_fail(Symbol*, Handle, Handle, bool, Thread*)+0x49
V  [libjvm.so+0x4cf061]  ConstantPool::klass_at_impl(constantPoolHandle, int, Thread*)+0x3a1
V  [libjvm.so+0x4d13eb]  ConstantPool::klass_ref_at(int, Thread*)+0xbb
V  [libjvm.so+0x7d06c5]  LinkResolver::resolve_field_access(fieldDescriptor&, constantPoolHandle, int, Bytecodes::Code, Thread*)+0x95
V  [libjvm.so+0x676a4e]  InterpreterRuntime::resolve_get_put(JavaThread*, Bytecodes::Code)+0x24e
j  org.slf4j.impl.OutputChoice.getTargetPrintStream()Ljava/io/PrintStream;+0
j  org.slf4j.impl.SimpleLogger.write(Ljava/lang/StringBuilder;Ljava/lang/Throwable;)V+6
j  org.slf4j.impl.SimpleLogger.log(ILjava/lang/String;Ljava/lang/Throwable;)V+257
j  org.slf4j.impl.SimpleLogger.error(Ljava/lang/String;Ljava/lang/Throwable;)V+5
j  com.rabbitmq.client.impl.ForgivingExceptionHandler.log(Ljava/lang/String;Ljava/lang/Throwable;)V+58
j  com.rabbitmq.client.impl.StrictExceptionHandler.handleChannelKiller(Lcom/rabbitmq/client/Channel;Ljava/lang/Throwable;Ljava/lang/String;Ljava/lang/String;)V+25
j  com.rabbitmq.client.impl.StrictExceptionHandler.handleConsumerException(Lcom/rabbitmq/client/Channel;Ljava/lang/Throwable;Lcom/rabbitmq/client/Consumer;Ljava/lang/String;Ljava/lang/String;)V+98
j  com.rabbitmq.client.impl.ChannelN.processAsync(Lcom/rabbitmq/client/Command;)Z+382
j  com.rabbitmq.client.impl.AMQChannel.handleCompleteInboundCommand(Lcom/rabbitmq/client/impl/AMQCommand;)V+2
j  com.rabbitmq.client.impl.AMQChannel.handleFrame(Lcom/rabbitmq/client/impl/Frame;)V+26
j  com.rabbitmq.client.impl.AMQConnection.readFrame(Lcom/rabbitmq/client/impl/Frame;)V+82
j  com.rabbitmq.client.impl.AMQConnection.access$300(Lcom/rabbitmq/client/impl/AMQConnection;Lcom/rabbitmq/client/impl/Frame;)V+2
j  com.rabbitmq.client.impl.AMQConnection$MainLoop.run()V+30
j  java.lang.Thread.run()V+11
v  ~StubRoutines::call_stub
V  [libjvm.so+0x6852db]  JavaCalls::call_helper(JavaValue*, methodHandle*, JavaCallArguments*, Thread*)+0xddb
V  [libjvm.so+0x682ba3]  JavaCalls::call_virtual(JavaValue*, KlassHandle, Symbol*, Symbol*, JavaCallArguments*, Thread*)+0x263
V  [libjvm.so+0x683167]  JavaCalls::call_virtual(JavaValue*, Handle, KlassHandle, Symbol*, Symbol*, Thread*)+0x47
V  [libjvm.so+0x6ef0ec]  thread_entry(JavaThread*, Thread*)+0x6c
V  [libjvm.so+0xa76f9b]  JavaThread::thread_main_inner()+0xdb
V  [libjvm.so+0xa7722f]  JavaThread::run()+0x25f
V  [libjvm.so+0x909c92]  java_start(Thread*)+0x102
C  [libpthread.so.0+0x8184]  start_thread+0xc4

Java frames: (J=compiled Java code, j=interpreted, Vv=VM code)
J 181  java.util.zip.ZipFile.getEntry(J[BZ)J (0 bytes) @ 0x00007ff575168558 [0x00007ff575168500+0x58]
J 245 C1 java.util.zip.ZipFile.getEntry(Ljava/lang/String;)Ljava/util/zip/ZipEntry; (101 bytes) @ 0x00007ff5751929cc [0x00007ff575192760+0x26c]
J 244 C1 java.util.jar.JarFile.getEntry(Ljava/lang/String;)Ljava/util/zip/ZipEntry; (22 bytes) @ 0x00007ff575192164 [0x00007ff5751920e0+0x84]
J 105 C1 sun.misc.URLClassPath$JarLoader.getResource(Ljava/lang/String;Z)Lsun/misc/Resource; (85 bytes) @ 0x00007ff5751409d4 [0x00007ff575140700+0x2d4]
J 131 C1 sun.misc.URLClassPath.getResource(Ljava/lang/String;Z)Lsun/misc/Resource; (83 bytes) @ 0x00007ff57515446c [0x00007ff575154300+0x16c]
J 219 C1 java.net.URLClassLoader$1.run()Ljava/lang/Class; (63 bytes) @ 0x00007ff575183edc [0x00007ff575183ce0+0x1fc]
J 218 C1 java.net.URLClassLoader$1.run()Ljava/lang/Object; (5 bytes) @ 0x00007ff57518337c [0x00007ff575183300+0x7c]
v  ~StubRoutines::call_stub
J 172  java.security.AccessController.doPrivileged(Ljava/security/PrivilegedExceptionAction;Ljava/security/AccessControlContext;)Ljava/lang/Object; (0 bytes) @ 0x00007ff5751648e3 [0x00007ff575164880+0x63]
J 216 C1 java.net.URLClassLoader.findClass(Ljava/lang/String;)Ljava/lang/Class; (47 bytes) @ 0x00007ff5751822c4 [0x00007ff575182140+0x184]
J 103 C1 java.lang.ClassLoader.loadClass(Ljava/lang/String;Z)Ljava/lang/Class; (122 bytes) @ 0x00007ff5751423dc [0x00007ff575141a80+0x95c]
J 167 C1 sun.misc.Launcher$AppClassLoader.loadClass(Ljava/lang/String;Z)Ljava/lang/Class; (85 bytes) @ 0x00007ff575163b4c [0x00007ff5751631c0+0x98c]
J 166 C1 java.lang.ClassLoader.loadClass(Ljava/lang/String;)Ljava/lang/Class; (7 bytes) @ 0x00007ff575162584 [0x00007ff575162480+0x104]
v  ~StubRoutines::call_stub
j  org.slf4j.impl.OutputChoice.getTargetPrintStream()Ljava/io/PrintStream;+0
j  org.slf4j.impl.SimpleLogger.write(Ljava/lang/StringBuilder;Ljava/lang/Throwable;)V+6
j  org.slf4j.impl.SimpleLogger.log(ILjava/lang/String;Ljava/lang/Throwable;)V+257
j  org.slf4j.impl.SimpleLogger.error(Ljava/lang/String;Ljava/lang/Throwable;)V+5
j  com.rabbitmq.client.impl.ForgivingExceptionHandler.log(Ljava/lang/String;Ljava/lang/Throwable;)V+58
j  com.rabbitmq.client.impl.StrictExceptionHandler.handleChannelKiller(Lcom/rabbitmq/client/Channel;Ljava/lang/Throwable;Ljava/lang/String;Ljava/lang/String;)V+25
j  com.rabbitmq.client.impl.StrictExceptionHandler.handleConsumerException(Lcom/rabbitmq/client/Channel;Ljava/lang/Throwable;Lcom/rabbitmq/client/Consumer;Ljava/lang/String;Ljava/lang/String;)V+98
j  com.rabbitmq.client.impl.ChannelN.processAsync(Lcom/rabbitmq/client/Command;)Z+382
j  com.rabbitmq.client.impl.AMQChannel.handleCompleteInboundCommand(Lcom/rabbitmq/client/impl/AMQCommand;)V+2
j  com.rabbitmq.client.impl.AMQChannel.handleFrame(Lcom/rabbitmq/client/impl/Frame;)V+26
j  com.rabbitmq.client.impl.AMQConnection.readFrame(Lcom/rabbitmq/client/impl/Frame;)V+82
j  com.rabbitmq.client.impl.AMQConnection.access$300(Lcom/rabbitmq/client/impl/AMQConnection;Lcom/rabbitmq/client/impl/Frame;)V+2
j  com.rabbitmq.client.impl.AMQConnection$MainLoop.run()V+30
j  java.lang.Thread.run()V+11
v  ~StubRoutines::call_stub

---------------  P R O C E S S  ---------------

Java Threads: ( => current thread )
  0x00007ff58400a800 JavaThread "DestroyJavaVM" [_thread_blocked, id=6273, stack(0x00007ff58d135000,0x00007ff58d236000)]
  0x00007ff54c01b000 JavaThread "pool-1-thread-4" [_thread_blocked, id=6291, stack(0x00007ff574eff000,0x00007ff575000000)]
  0x00007ff54c018800 JavaThread "pool-1-thread-3" [_thread_blocked, id=6290, stack(0x00007ff5880e8000,0x00007ff5881e9000)]
  0x00007ff5841d9000 JavaThread "pool-1-thread-2" [_thread_blocked, id=6283, stack(0x00007ff5881e9000,0x00007ff5882ea000)]
=>0x00007ff5841d1000 JavaThread "AMQP Connection 3.87.228.250:5672" [_thread_in_native, id=6282, stack(0x00007ff5882ea000,0x00007ff5883eb000)]
  0x00007ff5840e0800 JavaThread "Service Thread" daemon [_thread_blocked, id=6280, stack(0x00007ff588ba3000,0x00007ff588ca4000)]
  0x00007ff5840dd000 JavaThread "C1 CompilerThread1" daemon [_thread_blocked, id=6279, stack(0x00007ff588ca4000,0x00007ff588da5000)]
  0x00007ff5840db000 JavaThread "C2 CompilerThread0" daemon [_thread_blocked, id=6278, stack(0x00007ff588da5000,0x00007ff588ea6000)]
  0x00007ff5840d9800 JavaThread "Signal Dispatcher" daemon [_thread_blocked, id=6277, stack(0x00007ff588ea6000,0x00007ff588fa7000)]
  0x00007ff5840a2800 JavaThread "Finalizer" daemon [_thread_blocked, id=6276, stack(0x00007ff58913c000,0x00007ff58923d000)]
  0x00007ff5840a0000 JavaThread "Reference Handler" daemon [_thread_blocked, id=6275, stack(0x00007ff58923d000,0x00007ff58933e000)]

Other Threads:
  0x00007ff584096800 VMThread [stack: 0x00007ff58933e000,0x00007ff58943f000] [id=6274]
  0x00007ff5840e5800 WatcherThread [stack: 0x00007ff588aa2000,0x00007ff588ba3000] [id=6281]

VM state:not at safepoint (normal execution)

VM Mutex/Monitor currently owned by a thread: None

Heap:
 def new generation   total 2432K, used 1779K [0x00000000f8000000, 0x00000000f82a0000, 0x00000000faaa0000)
  eden space 2176K,  69% used [0x00000000f8000000, 0x00000000f817cc20, 0x00000000f8220000)
  from space 256K, 100% used [0x00000000f8260000, 0x00000000f82a0000, 0x00000000f82a0000)
  to   space 256K,   0% used [0x00000000f8220000, 0x00000000f8220000, 0x00000000f8260000)
 tenured generation   total 5504K, used 1563K [0x00000000faaa0000, 0x00000000fb000000, 0x0000000100000000)
   the space 5504K,  28% used [0x00000000faaa0000, 0x00000000fac26d48, 0x00000000fac26e00, 0x00000000fb000000)
 Metaspace       used 6654K, capacity 6740K, committed 7040K, reserved 1056768K
  class space    used 775K, capacity 784K, committed 896K, reserved 1048576K

Card table byte_map: [0x00007ff58d0f4000,0x00007ff58d135000] byte_map_base: 0x00007ff58c934000

Polling page: 0x00007ff58d247000

CodeCache: size=245760Kb used=1666Kb max_used=1676Kb free=244093Kb
 bounds [0x00007ff575000000, 0x00007ff575270000, 0x00007ff584000000]
 total_blobs=559 nmethods=268 adapters=205
 compilation: enabled

Compilation events (10 events):
Event: 48.059 Thread 0x00007ff5840dd000 nmethod 263 0x00007ff5751a0650 code [0x00007ff5751a07a0, 0x00007ff5751a08b0]
Event: 48.061 Thread 0x00007ff5840dd000  264       1       java.nio.Buffer::position (5 bytes)
Event: 48.061 Thread 0x00007ff5840dd000 nmethod 264 0x00007ff5751a0390 code [0x00007ff5751a04e0, 0x00007ff5751a05f0]
Event: 71.058 Thread 0x00007ff5840dd000  265       3       java.util.Calendar::internalSet (8 bytes)
Event: 71.058 Thread 0x00007ff5840dd000 nmethod 265 0x00007ff57519fd90 code [0x00007ff57519ff00, 0x00007ff5751a0070]
Event: 71.059 Thread 0x00007ff5840db000  266       4       java.util.Arrays::copyOfRange (63 bytes)
Event: 71.059 Thread 0x00007ff5840dd000  267       1       java.nio.Buffer::limit (5 bytes)
Event: 71.059 Thread 0x00007ff5840dd000 nmethod 267 0x00007ff57519fad0 code [0x00007ff57519fc20, 0x00007ff57519fd30]
Event: 71.061 Thread 0x00007ff5840db000 nmethod 266 0x00007ff57519f610 code [0x00007ff57519f760, 0x00007ff57519f978]
Event: 91.604 Thread 0x00007ff5840dd000  268       3       java.util.Properties::getProperty (46 bytes)

GC Heap History (6 events):
Event: 0.146 GC heap before
{Heap before GC invocations=0 (full 0):
 def new generation   total 2432K, used 2176K [0x00000000f8000000, 0x00000000f82a0000, 0x00000000faaa0000)
  eden space 2176K, 100% used [0x00000000f8000000, 0x00000000f8220000, 0x00000000f8220000)
  from space 256K,   0% used [0x00000000f8220000, 0x00000000f8220000, 0x00000000f8260000)
  to   space 256K,   0% used [0x00000000f8260000, 0x00000000f8260000, 0x00000000f82a0000)
 tenured generation   total 5504K, used 0K [0x00000000faaa0000, 0x00000000fb000000, 0x0000000100000000)
   the space 5504K,   0% used [0x00000000faaa0000, 0x00000000faaa0000, 0x00000000faaa0200, 0x00000000fb000000)
 Metaspace       used 3694K, capacity 4940K, committed 5120K, reserved 1056768K
  class space    used 411K, capacity 456K, committed 512K, reserved 1048576K
Event: 0.149 GC heap after
Heap after GC invocations=1 (full 0):
 def new generation   total 2432K, used 256K [0x00000000f8000000, 0x00000000f82a0000, 0x00000000faaa0000)
  eden space 2176K,   0% used [0x00000000f8000000, 0x00000000f8000000, 0x00000000f8220000)
  from space 256K, 100% used [0x00000000f8260000, 0x00000000f82a0000, 0x00000000f82a0000)
  to   space 256K,   0% used [0x00000000f8220000, 0x00000000f8220000, 0x00000000f8260000)
 tenured generation   total 5504K, used 459K [0x00000000faaa0000, 0x00000000fb000000, 0x0000000100000000)
   the space 5504K,   8% used [0x00000000faaa0000, 0x00000000fab12cf8, 0x00000000fab12e00, 0x00000000fb000000)
 Metaspace       used 3694K, capacity 4940K, committed 5120K, reserved 1056768K
  class space    used 411K, capacity 456K, committed 512K, reserved 1048576K
}
Event: 0.287 GC heap before
{Heap before GC invocations=1 (full 0):
 def new generation   total 2432K, used 2432K [0x00000000f8000000, 0x00000000f82a0000, 0x00000000faaa0000)
  eden space 2176K, 100% used [0x00000000f8000000, 0x00000000f8220000, 0x00000000f8220000)
  from space 256K, 100% used [0x00000000f8260000, 0x00000000f82a0000, 0x00000000f82a0000)
  to   space 256K,   0% used [0x00000000f8220000, 0x00000000f8220000, 0x00000000f8260000)
 tenured generation   total 5504K, used 459K [0x00000000faaa0000, 0x00000000fb000000, 0x0000000100000000)
   the space 5504K,   8% used [0x00000000faaa0000, 0x00000000fab12cf8, 0x00000000fab12e00, 0x00000000fb000000)
 Metaspace       used 4492K, capacity 5396K, committed 5504K, reserved 1056768K
  class space    used 538K, capacity 592K, committed 640K, reserved 1048576K
Event: 0.290 GC heap after
Heap after GC invocations=2 (full 0):
 def new generation   total 2432K, used 255K [0x00000000f8000000, 0x00000000f82a0000, 0x00000000faaa0000)
  eden space 2176K,   0% used [0x00000000f8000000, 0x00000000f8000000, 0x00000000f8220000)
  from space 256K,  99% used [0x00000000f8220000, 0x00000000f825fff8, 0x00000000f8260000)
  to   space 256K,   0% used [0x00000000f8260000, 0x00000000f8260000, 0x00000000f82a0000)
 tenured generation   total 5504K, used 951K [0x00000000faaa0000, 0x00000000fb000000, 0x0000000100000000)
   the space 5504K,  17% used [0x00000000faaa0000, 0x00000000fab8dc70, 0x00000000fab8de00, 0x00000000fb000000)
 Metaspace       used 4492K, capacity 5396K, committed 5504K, reserved 1056768K
  class space    used 538K, capacity 592K, committed 640K, reserved 1048576K
}
Event: 47.889 GC heap before
{Heap before GC invocations=2 (full 0):
 def new generation   total 2432K, used 2431K [0x00000000f8000000, 0x00000000f82a0000, 0x00000000faaa0000)
  eden space 2176K, 100% used [0x00000000f8000000, 0x00000000f8220000, 0x00000000f8220000)
  from space 256K,  99% used [0x00000000f8220000, 0x00000000f825fff8, 0x00000000f8260000)
  to   space 256K,   0% used [0x00000000f8260000, 0x00000000f8260000, 0x00000000f82a0000)
 tenured generation   total 5504K, used 951K [0x00000000faaa0000, 0x00000000fb000000, 0x0000000100000000)
   the space 5504K,  17% used [0x00000000faaa0000, 0x00000000fab8dc70, 0x00000000fab8de00, 0x00000000fb000000)
 Metaspace       used 6036K, capacity 6132K, committed 6400K, reserved 1056768K
  class space    used 709K, capacity 752K, committed 768K, reserved 1048576K
Event: 47.892 GC heap after
Heap after GC invocations=3 (full 0):
 def new generation   total 2432K, used 256K [0x00000000f8000000, 0x00000000f82a0000, 0x00000000faaa0000)
  eden space 2176K,   0% used [0x00000000f8000000, 0x00000000f8000000, 0x00000000f8220000)
  from space 256K, 100% used [0x00000000f8260000, 0x00000000f82a0000, 0x00000000f82a0000)
  to   space 256K,   0% used [0x00000000f8220000, 0x00000000f8220000, 0x00000000f8260000)
 tenured generation   total 5504K, used 1563K [0x00000000faaa0000, 0x00000000fb000000, 0x0000000100000000)
   the space 5504K,  28% used [0x00000000faaa0000, 0x00000000fac26d48, 0x00000000fac26e00, 0x00000000fb000000)
 Metaspace       used 6036K, capacity 6132K, committed 6400K, reserved 1056768K
  class space    used 709K, capacity 752K, committed 768K, reserved 1048576K
}

Deoptimization events (0 events):
No events

Classes redefined (0 events):
No events

Internal exceptions (10 events):
Event: 0.100 Thread 0x00007ff58400a800 Exception <a 'java/security/PrivilegedActionException'> (0x00000000f81543b0) thrown at [/HUDSON/workspace/8-2-build-linux-amd64/jdk8u191/11894/hotspot/src/share/vm/prims/jvm.cpp, line 1435]
Event: 0.100 Thread 0x00007ff58400a800 Exception <a 'java/security/PrivilegedActionException'> (0x00000000f81545c0) thrown at [/HUDSON/workspace/8-2-build-linux-amd64/jdk8u191/11894/hotspot/src/share/vm/prims/jvm.cpp, line 1435]
Event: 0.100 Thread 0x00007ff58400a800 Exception <a 'java/security/PrivilegedActionException'> (0x00000000f8156ba0) thrown at [/HUDSON/workspace/8-2-build-linux-amd64/jdk8u191/11894/hotspot/src/share/vm/prims/jvm.cpp, line 1435]
Event: 0.100 Thread 0x00007ff58400a800 Exception <a 'java/security/PrivilegedActionException'> (0x00000000f8156db0) thrown at [/HUDSON/workspace/8-2-build-linux-amd64/jdk8u191/11894/hotspot/src/share/vm/prims/jvm.cpp, line 1435]
Event: 18.775 Thread 0x00007ff5841d1000 Exception <a 'java/net/SocketTimeoutException': Read timed out> (0x00000000f8035ab8) thrown at [/HUDSON/workspace/8-2-build-linux-amd64/jdk8u191/11894/hotspot/src/share/vm/prims/jni.cpp, line 735]
Event: 33.788 Thread 0x00007ff5841d1000 Exception <a 'java/net/SocketTimeoutException': Read timed out> (0x00000000f8035d90) thrown at [/HUDSON/workspace/8-2-build-linux-amd64/jdk8u191/11894/hotspot/src/share/vm/prims/jni.cpp, line 735]
Event: 63.153 Thread 0x00007ff5841d1000 Exception <a 'java/net/SocketTimeoutException': Read timed out> (0x00000000f81602d8) thrown at [/HUDSON/workspace/8-2-build-linux-amd64/jdk8u191/11894/hotspot/src/share/vm/prims/jni.cpp, line 735]
Event: 71.058 Thread 0x00007ff58400a800 Exception <a 'java/lang/NoClassDefFoundError': com/rabbitmq/client/MessageProperties> (0x00000000f816aac0) thrown at [/HUDSON/workspace/8-2-build-linux-amd64/jdk8u191/11894/hotspot/src/share/vm/classfile/systemDictionary.cpp, line 199]
Event: 78.168 Thread 0x00007ff5841d1000 Exception <a 'java/net/SocketTimeoutException': Read timed out> (0x00000000f8160530) thrown at [/HUDSON/workspace/8-2-build-linux-amd64/jdk8u191/11894/hotspot/src/share/vm/prims/jni.cpp, line 735]
Event: 91.603 Thread 0x00007ff5841d1000 Exception <a 'java/lang/NoClassDefFoundError': com/rabbitmq/client/impl/ConsumerDispatcher$3> (0x00000000f8161590) thrown at [/HUDSON/workspace/8-2-build-linux-amd64/jdk8u191/11894/hotspot/src/share/vm/classfile/systemDictionary.cpp, line 199]

Events (10 events):
Event: 71.058 loading class java/lang/Throwable$PrintStreamOrWriter done
Event: 71.058 loading class java/lang/Throwable$WrappedPrintStream done
Event: 71.058 loading class java/util/IdentityHashMap$KeySet
Event: 71.058 loading class java/util/IdentityHashMap$KeySet done
Event: 71.059 Thread 0x00007ff58400a800 Thread exited: 0x00007ff58400a800
Event: 71.059 Thread 0x00007ff58400a800 Thread added: 0x00007ff58400a800
Event: 91.603 loading class com/rabbitmq/client/impl/ConsumerDispatcher$3
Event: 91.603 loading class com/rabbitmq/client/impl/ConsumerDispatcher$3 done
Event: 91.603 loading class org/slf4j/impl/OutputChoice$1
Event: 91.603 loading class org/slf4j/impl/OutputChoice$1 done


Dynamic libraries:
00400000-00401000 r-xp 00000000 00:54 1861                               /usr/lib/jvm/java-8-oracle/jre/bin/java
00600000-00601000 r--p 00000000 00:54 1861                               /usr/lib/jvm/java-8-oracle/jre/bin/java
00601000-00602000 rw-p 00001000 00:54 1861                               /usr/lib/jvm/java-8-oracle/jre/bin/java
01f13000-01f34000 rw-p 00000000 00:00 0                                  [heap]
f8000000-f82a0000 rw-p 00000000 00:00 0 
f82a0000-faaa0000 ---p 00000000 00:00 0 
faaa0000-fb000000 rw-p 00000000 00:00 0 
fb000000-100000000 ---p 00000000 00:00 0 
100000000-1000e0000 rw-p 00000000 00:00 0 
1000e0000-140000000 ---p 00000000 00:00 0 
7ff53c000000-7ff53c021000 rw-p 00000000 00:00 0 
7ff53c021000-7ff540000000 ---p 00000000 00:00 0 
7ff544000000-7ff544021000 rw-p 00000000 00:00 0 
7ff544021000-7ff548000000 ---p 00000000 00:00 0 
7ff548000000-7ff548021000 rw-p 00000000 00:00 0 
7ff548021000-7ff54c000000 ---p 00000000 00:00 0 
7ff54c000000-7ff54c2e1000 rw-p 00000000 00:00 0 
7ff54c2e1000-7ff550000000 ---p 00000000 00:00 0 
7ff550000000-7ff550021000 rw-p 00000000 00:00 0 
7ff550021000-7ff554000000 ---p 00000000 00:00 0 
7ff554fff000-7ff558000000 rw-p 00000000 00:00 0 
7ff558000000-7ff55819e000 rw-p 00000000 00:00 0 
7ff55819e000-7ff55c000000 ---p 00000000 00:00 0 
7ff55c000000-7ff55c021000 rw-p 00000000 00:00 0 
7ff55c021000-7ff560000000 ---p 00000000 00:00 0 
7ff560000000-7ff560021000 rw-p 00000000 00:00 0 
7ff560021000-7ff564000000 ---p 00000000 00:00 0 
7ff564000000-7ff56408c000 rw-p 00000000 00:00 0 
7ff56408c000-7ff568000000 ---p 00000000 00:00 0 
7ff568000000-7ff568021000 rw-p 00000000 00:00 0 
7ff568021000-7ff56c000000 ---p 00000000 00:00 0 
7ff56c000000-7ff56c021000 rw-p 00000000 00:00 0 
7ff56c021000-7ff570000000 ---p 00000000 00:00 0 
7ff570000000-7ff570021000 rw-p 00000000 00:00 0 
7ff570021000-7ff574000000 ---p 00000000 00:00 0 
7ff574eff000-7ff574f02000 ---p 00000000 00:00 0 
7ff574f02000-7ff575000000 rw-p 00000000 00:00 0 
7ff575000000-7ff575270000 rwxp 00000000 00:00 0 
7ff575270000-7ff584000000 ---p 00000000 00:00 0 
7ff584000000-7ff58444a000 rw-p 00000000 00:00 0 
7ff58444a000-7ff588000000 ---p 00000000 00:00 0 
7ff5880e8000-7ff5880eb000 ---p 00000000 00:00 0 
7ff5880eb000-7ff5881e9000 rw-p 00000000 00:00 0 
7ff5881e9000-7ff5881ec000 ---p 00000000 00:00 0 
7ff5881ec000-7ff5882ea000 rw-p 00000000 00:00 0 
7ff5882ea000-7ff5882ed000 ---p 00000000 00:00 0 
7ff5882ed000-7ff5883eb000 rw-p 00000000 00:00 0 
7ff5883eb000-7ff588402000 r-xp 00000000 00:54 1883                       /lib/x86_64-linux-gnu/libresolv-2.19.so
7ff588402000-7ff588602000 ---p 00017000 00:54 1883                       /lib/x86_64-linux-gnu/libresolv-2.19.so
7ff588602000-7ff588603000 r--p 00017000 00:54 1883                       /lib/x86_64-linux-gnu/libresolv-2.19.so
7ff588603000-7ff588604000 rw-p 00018000 00:54 1883                       /lib/x86_64-linux-gnu/libresolv-2.19.so
7ff588604000-7ff588606000 rw-p 00000000 00:00 0 
7ff588606000-7ff58860b000 r-xp 00000000 00:54 1881                       /lib/x86_64-linux-gnu/libnss_dns-2.19.so
7ff58860b000-7ff58880a000 ---p 00005000 00:54 1881                       /lib/x86_64-linux-gnu/libnss_dns-2.19.so
7ff58880a000-7ff58880b000 r--p 00004000 00:54 1881                       /lib/x86_64-linux-gnu/libnss_dns-2.19.so
7ff58880b000-7ff58880c000 rw-p 00005000 00:54 1881                       /lib/x86_64-linux-gnu/libnss_dns-2.19.so
7ff58880c000-7ff588822000 r-xp 00000000 00:54 1183                       /usr/lib/jvm/java-8-oracle/jre/lib/amd64/libnet.so
7ff588822000-7ff588a21000 ---p 00016000 00:54 1183                       /usr/lib/jvm/java-8-oracle/jre/lib/amd64/libnet.so
7ff588a21000-7ff588a22000 r--p 00015000 00:54 1183                       /usr/lib/jvm/java-8-oracle/jre/lib/amd64/libnet.so
7ff588a22000-7ff588a23000 rw-p 00016000 00:54 1183                       /usr/lib/jvm/java-8-oracle/jre/lib/amd64/libnet.so
7ff588a23000-7ff588aa2000 r--s 00699000 00:54 451                        /home/ubuntu/workspace/sistemas-distribuidos/RabbitMQ---Chat/target/ChatRabbitMQ-1.0-SNAPSHOT-jar-with-dependencies.jar
7ff588aa2000-7ff588aa3000 ---p 00000000 00:00 0 
7ff588aa3000-7ff588ba3000 rw-p 00000000 00:00 0 
7ff588ba3000-7ff588ba6000 ---p 00000000 00:00 0 
7ff588ba6000-7ff588ca4000 rw-p 00000000 00:00 0 
7ff588ca4000-7ff588ca7000 ---p 00000000 00:00 0 
7ff588ca7000-7ff588da5000 rw-p 00000000 00:00 0 
7ff588da5000-7ff588da8000 ---p 00000000 00:00 0 
7ff588da8000-7ff588ea6000 rw-p 00000000 00:00 0 
7ff588ea6000-7ff588ea9000 ---p 00000000 00:00 0 
7ff588ea9000-7ff588fa7000 rw-p 00000000 00:00 0 
7ff588fa7000-7ff588fcd000 r--p 00000000 00:54 110                        /usr/lib/locale/C.UTF-8/LC_CTYPE
7ff588fcd000-7ff58913c000 r--p 00000000 00:54 107                        /usr/lib/locale/C.UTF-8/LC_COLLATE
7ff58913c000-7ff58913f000 ---p 00000000 00:00 0 
7ff58913f000-7ff58923d000 rw-p 00000000 00:00 0 
7ff58923d000-7ff589240000 ---p 00000000 00:00 0 
7ff589240000-7ff58933e000 rw-p 00000000 00:00 0 
7ff58933e000-7ff58933f000 ---p 00000000 00:00 0 
7ff58933f000-7ff58948e000 rw-p 00000000 00:00 0 
7ff58948e000-7ff589668000 r--s 03d6c000 00:54 1035                       /usr/lib/jvm/java-8-oracle/jre/lib/rt.jar
7ff589668000-7ff589cde000 rw-p 00000000 00:00 0 
7ff589cde000-7ff589ede000 ---p 00000000 00:00 0 
7ff589ede000-7ff589ee8000 rw-p 00000000 00:00 0 
7ff589ee8000-7ff58a29e000 ---p 00000000 00:00 0 
7ff58a29e000-7ff58a2b8000 r-xp 00000000 00:54 1033                       /usr/lib/jvm/java-8-oracle/jre/lib/amd64/libzip.so
7ff58a2b8000-7ff58a4b8000 ---p 0001a000 00:54 1033                       /usr/lib/jvm/java-8-oracle/jre/lib/amd64/libzip.so
7ff58a4b8000-7ff58a4b9000 r--p 0001a000 00:54 1033                       /usr/lib/jvm/java-8-oracle/jre/lib/amd64/libzip.so
7ff58a4b9000-7ff58a4ba000 rw-p 0001b000 00:54 1033                       /usr/lib/jvm/java-8-oracle/jre/lib/amd64/libzip.so
7ff58a4ba000-7ff58a4c4000 r-xp 00000000 00:54 866                        /lib/x86_64-linux-gnu/libnss_files-2.19.so
7ff58a4c4000-7ff58a6c3000 ---p 0000a000 00:54 866                        /lib/x86_64-linux-gnu/libnss_files-2.19.so
7ff58a6c3000-7ff58a6c4000 r--p 00009000 00:54 866                        /lib/x86_64-linux-gnu/libnss_files-2.19.so
7ff58a6c4000-7ff58a6c5000 rw-p 0000a000 00:54 866                        /lib/x86_64-linux-gnu/libnss_files-2.19.so
7ff58a6c5000-7ff58a6d0000 r-xp 00000000 00:54 864                        /lib/x86_64-linux-gnu/libnss_nis-2.19.so
7ff58a6d0000-7ff58a8cf000 ---p 0000b000 00:54 864                        /lib/x86_64-linux-gnu/libnss_nis-2.19.so
7ff58a8cf000-7ff58a8d0000 r--p 0000a000 00:54 864                        /lib/x86_64-linux-gnu/libnss_nis-2.19.so
7ff58a8d0000-7ff58a8d1000 rw-p 0000b000 00:54 864                        /lib/x86_64-linux-gnu/libnss_nis-2.19.so
7ff58a8d1000-7ff58a8e8000 r-xp 00000000 00:54 862                        /lib/x86_64-linux-gnu/libnsl-2.19.so
7ff58a8e8000-7ff58aae7000 ---p 00017000 00:54 862                        /lib/x86_64-linux-gnu/libnsl-2.19.so
7ff58aae7000-7ff58aae8000 r--p 00016000 00:54 862                        /lib/x86_64-linux-gnu/libnsl-2.19.so
7ff58aae8000-7ff58aae9000 rw-p 00017000 00:54 862                        /lib/x86_64-linux-gnu/libnsl-2.19.so
7ff58aae9000-7ff58aaeb000 rw-p 00000000 00:00 0 
7ff58aaeb000-7ff58aaf4000 r-xp 00000000 00:54 860                        /lib/x86_64-linux-gnu/libnss_compat-2.19.so
7ff58aaf4000-7ff58acf3000 ---p 00009000 00:54 860                        /lib/x86_64-linux-gnu/libnss_compat-2.19.so
7ff58acf3000-7ff58acf4000 r--p 00008000 00:54 860                        /lib/x86_64-linux-gnu/libnss_compat-2.19.so
7ff58acf4000-7ff58acf5000 rw-p 00009000 00:54 860                        /lib/x86_64-linux-gnu/libnss_compat-2.19.so
7ff58acf5000-7ff58ad22000 r-xp 00000000 00:54 1025                       /usr/lib/jvm/java-8-oracle/jre/lib/amd64/libjava.so
7ff58ad22000-7ff58af21000 ---p 0002d000 00:54 1025                       /usr/lib/jvm/java-8-oracle/jre/lib/amd64/libjava.so
7ff58af21000-7ff58af22000 r--p 0002c000 00:54 1025                       /usr/lib/jvm/java-8-oracle/jre/lib/amd64/libjava.so
7ff58af22000-7ff58af24000 rw-p 0002d000 00:54 1025                       /usr/lib/jvm/java-8-oracle/jre/lib/amd64/libjava.so
7ff58af24000-7ff58af31000 r-xp 00000000 00:54 1029                       /usr/lib/jvm/java-8-oracle/jre/lib/amd64/libverify.so
7ff58af31000-7ff58b130000 ---p 0000d000 00:54 1029                       /usr/lib/jvm/java-8-oracle/jre/lib/amd64/libverify.so
7ff58b130000-7ff58b132000 r--p 0000c000 00:54 1029                       /usr/lib/jvm/java-8-oracle/jre/lib/amd64/libverify.so
7ff58b132000-7ff58b133000 rw-p 0000e000 00:54 1029                       /usr/lib/jvm/java-8-oracle/jre/lib/amd64/libverify.so
7ff58b133000-7ff58b13a000 r-xp 00000000 00:54 850                        /lib/x86_64-linux-gnu/librt-2.19.so
7ff58b13a000-7ff58b339000 ---p 00007000 00:54 850                        /lib/x86_64-linux-gnu/librt-2.19.so
7ff58b339000-7ff58b33a000 r--p 00006000 00:54 850                        /lib/x86_64-linux-gnu/librt-2.19.so
7ff58b33a000-7ff58b33b000 rw-p 00007000 00:54 850                        /lib/x86_64-linux-gnu/librt-2.19.so
7ff58b33b000-7ff58b440000 r-xp 00000000 00:54 170                        /lib/x86_64-linux-gnu/libm-2.19.so
7ff58b440000-7ff58b63f000 ---p 00105000 00:54 170                        /lib/x86_64-linux-gnu/libm-2.19.so
7ff58b63f000-7ff58b640000 r--p 00104000 00:54 170                        /lib/x86_64-linux-gnu/libm-2.19.so
7ff58b640000-7ff58b641000 rw-p 00105000 00:54 170                        /lib/x86_64-linux-gnu/libm-2.19.so
7ff58b641000-7ff58c323000 r-xp 00000000 00:54 1028                       /usr/lib/jvm/java-8-oracle/jre/lib/amd64/server/libjvm.so
7ff58c323000-7ff58c523000 ---p 00ce2000 00:54 1028                       /usr/lib/jvm/java-8-oracle/jre/lib/amd64/server/libjvm.so
7ff58c523000-7ff58c5b9000 r--p 00ce2000 00:54 1028                       /usr/lib/jvm/java-8-oracle/jre/lib/amd64/server/libjvm.so
7ff58c5b9000-7ff58c5ea000 rw-p 00d78000 00:54 1028                       /usr/lib/jvm/java-8-oracle/jre/lib/amd64/server/libjvm.so
7ff58c5ea000-7ff58c625000 rw-p 00000000 00:00 0 
7ff58c625000-7ff58c7e3000 r-xp 00000000 00:54 78                         /lib/x86_64-linux-gnu/libc-2.19.so
7ff58c7e3000-7ff58c9e3000 ---p 001be000 00:54 78                         /lib/x86_64-linux-gnu/libc-2.19.so
7ff58c9e3000-7ff58c9e7000 r--p 001be000 00:54 78                         /lib/x86_64-linux-gnu/libc-2.19.so
7ff58c9e7000-7ff58c9e9000 rw-p 001c2000 00:54 78                         /lib/x86_64-linux-gnu/libc-2.19.so
7ff58c9e9000-7ff58c9ee000 rw-p 00000000 00:00 0 
7ff58c9ee000-7ff58c9f1000 r-xp 00000000 00:54 76                         /lib/x86_64-linux-gnu/libdl-2.19.so
7ff58c9f1000-7ff58cbf0000 ---p 00003000 00:54 76                         /lib/x86_64-linux-gnu/libdl-2.19.so
7ff58cbf0000-7ff58cbf1000 r--p 00002000 00:54 76                         /lib/x86_64-linux-gnu/libdl-2.19.so
7ff58cbf1000-7ff58cbf2000 rw-p 00003000 00:54 76                         /lib/x86_64-linux-gnu/libdl-2.19.so
7ff58cbf2000-7ff58cc09000 r-xp 00000000 00:54 1863                       /usr/lib/jvm/java-8-oracle/jre/lib/amd64/jli/libjli.so
7ff58cc09000-7ff58ce08000 ---p 00017000 00:54 1863                       /usr/lib/jvm/java-8-oracle/jre/lib/amd64/jli/libjli.so
7ff58ce08000-7ff58ce09000 r--p 00016000 00:54 1863                       /usr/lib/jvm/java-8-oracle/jre/lib/amd64/jli/libjli.so
7ff58ce09000-7ff58ce0a000 rw-p 00017000 00:54 1863                       /usr/lib/jvm/java-8-oracle/jre/lib/amd64/jli/libjli.so
7ff58ce0a000-7ff58ce23000 r-xp 00000000 00:54 245                        /lib/x86_64-linux-gnu/libpthread-2.19.so
7ff58ce23000-7ff58d022000 ---p 00019000 00:54 245                        /lib/x86_64-linux-gnu/libpthread-2.19.so
7ff58d022000-7ff58d023000 r--p 00018000 00:54 245                        /lib/x86_64-linux-gnu/libpthread-2.19.so
7ff58d023000-7ff58d024000 rw-p 00019000 00:54 245                        /lib/x86_64-linux-gnu/libpthread-2.19.so
7ff58d024000-7ff58d028000 rw-p 00000000 00:00 0 
7ff58d028000-7ff58d04b000 r-xp 00000000 00:54 71                         /lib/x86_64-linux-gnu/ld-2.19.so
7ff58d05d000-7ff58d061000 rw-p 00000000 00:00 0 
7ff58d061000-7ff58d062000 r--p 00000000 00:54 109                        /usr/lib/locale/C.UTF-8/LC_NUMERIC
7ff58d062000-7ff58d063000 r--p 00000000 00:54 108                        /usr/lib/locale/C.UTF-8/LC_TIME
7ff58d063000-7ff58d064000 r--p 00000000 00:54 106                        /usr/lib/locale/C.UTF-8/LC_MONETARY
7ff58d064000-7ff58d065000 r--p 00000000 00:54 105                        /usr/lib/locale/C.UTF-8/LC_MESSAGES/SYS_LC_MESSAGES
7ff58d065000-7ff58d066000 r--p 00000000 00:54 103                        /usr/lib/locale/C.UTF-8/LC_PAPER
7ff58d066000-7ff58d067000 r--p 00000000 00:54 102                        /usr/lib/locale/C.UTF-8/LC_NAME
7ff58d067000-7ff58d06e000 r--s 00000000 00:54 98                         /usr/lib/x86_64-linux-gnu/gconv/gconv-modules.cache
7ff58d06e000-7ff58d0cc000 rw-p 00000000 00:00 0 
7ff58d0cc000-7ff58d0f4000 ---p 00000000 00:00 0 
7ff58d0f4000-7ff58d0f6000 rw-p 00000000 00:00 0 
7ff58d0f6000-7ff58d109000 ---p 00000000 00:00 0 
7ff58d109000-7ff58d10c000 rw-p 00000000 00:00 0 
7ff58d10c000-7ff58d134000 ---p 00000000 00:00 0 
7ff58d134000-7ff58d135000 rw-p 00000000 00:00 0 
7ff58d135000-7ff58d138000 ---p 00000000 00:00 0 
7ff58d138000-7ff58d23a000 rw-p 00000000 00:00 0 
7ff58d23a000-7ff58d23b000 r--p 00000000 00:54 101                        /usr/lib/locale/C.UTF-8/LC_ADDRESS
7ff58d23b000-7ff58d23c000 r--p 00000000 00:54 100                        /usr/lib/locale/C.UTF-8/LC_TELEPHONE
7ff58d23c000-7ff58d23d000 r--p 00000000 00:54 99                         /usr/lib/locale/C.UTF-8/LC_MEASUREMENT
7ff58d23d000-7ff58d23e000 r--p 00000000 00:54 95                         /usr/lib/locale/C.UTF-8/LC_IDENTIFICATION
7ff58d23e000-7ff58d246000 rw-s 00000000 00:54 1897                       /tmp/hsperfdata_ubuntu/6272
7ff58d246000-7ff58d247000 rw-p 00000000 00:00 0 
7ff58d247000-7ff58d248000 r--p 00000000 00:00 0 
7ff58d248000-7ff58d24a000 rw-p 00000000 00:00 0 
7ff58d24a000-7ff58d24b000 r--p 00022000 00:54 71                         /lib/x86_64-linux-gnu/ld-2.19.so
7ff58d24b000-7ff58d24c000 rw-p 00023000 00:54 71                         /lib/x86_64-linux-gnu/ld-2.19.so
7ff58d24c000-7ff58d24d000 rw-p 00000000 00:00 0 
7ffe2176e000-7ffe2178f000 rw-p 00000000 00:00 0                          [stack]
7ffe217d3000-7ffe217d5000 r--p 00000000 00:00 0                          [vvar]
7ffe217d5000-7ffe217d7000 r-xp 00000000 00:00 0                          [vdso]
ffffffffff600000-ffffffffff601000 r-xp 00000000 00:00 0                  [vsyscall]

VM Arguments:
java_command: target/ChatRabbitMQ-1.0-SNAPSHOT-jar-with-dependencies.jar
java_class_path (initial): target/ChatRabbitMQ-1.0-SNAPSHOT-jar-with-dependencies.jar
Launcher Type: SUN_STANDARD

Environment Variables:
JAVA_HOME=/usr/lib/jvm/java-8-oracle
PATH=/home/ubuntu/.nvm/versions/node/v6.11.2/bin:/usr/local/rvm/gems/ruby-2.4.0/bin:/usr/local/rvm/gems/ruby-2.4.0@global/bin:/usr/local/rvm/rubies/ruby-2.4.0/bin:/mnt/shared/bin:/home/ubuntu/workspace/node_modules/.bin:/home/ubuntu/bin:/usr/local/sbin:/usr/local/bin:/usr/sbin:/usr/bin:/sbin:/bin:/mnt/shared/sbin:/opt/gitl:/opt/go/bin:/mnt/shared/c9/app.nw/bin:/usr/lib/jvm/java-8-oracle/bin:/usr/lib/jvm/java-8-oracle/db/bin:/usr/lib/jvm/java-8-oracle/jre/bin:/usr/lib/jvm/java-8-oracle/bin:/usr/lib/jvm/java-8-oracle/db/bin:/usr/lib/jvm/java-8-oracle/jre/bin:/usr/local/rvm/bin
SHELL=/bin/bash

Signal Handlers:
SIGSEGV: [libjvm.so+0xaced60], sa_mask[0]=11111111011111111101111111111110, sa_flags=SA_RESTART|SA_SIGINFO
SIGBUS: [libjvm.so+0xaced60], sa_mask[0]=11111111011111111101111111111110, sa_flags=SA_RESTART|SA_SIGINFO
SIGFPE: [libjvm.so+0x907ca0], sa_mask[0]=11111111011111111101111111111110, sa_flags=SA_RESTART|SA_SIGINFO
SIGPIPE: [libjvm.so+0x907ca0], sa_mask[0]=11111111011111111101111111111110, sa_flags=SA_RESTART|SA_SIGINFO
SIGXFSZ: [libjvm.so+0x907ca0], sa_mask[0]=11111111011111111101111111111110, sa_flags=SA_RESTART|SA_SIGINFO
SIGILL: [libjvm.so+0x907ca0], sa_mask[0]=11111111011111111101111111111110, sa_flags=SA_RESTART|SA_SIGINFO
SIGUSR1: SIG_DFL, sa_mask[0]=00000000000000000000000000000000, sa_flags=none
SIGUSR2: [libjvm.so+0x907b70], sa_mask[0]=00000000000000000000000000000000, sa_flags=SA_RESTART|SA_SIGINFO
SIGHUP: [libjvm.so+0x908190], sa_mask[0]=11111111011111111101111111111110, sa_flags=SA_RESTART|SA_SIGINFO
SIGINT: [libjvm.so+0x908190], sa_mask[0]=11111111011111111101111111111110, sa_flags=SA_RESTART|SA_SIGINFO
SIGTERM: [libjvm.so+0x908190], sa_mask[0]=11111111011111111101111111111110, sa_flags=SA_RESTART|SA_SIGINFO
SIGQUIT: [libjvm.so+0x908190], sa_mask[0]=11111111011111111101111111111110, sa_flags=SA_RESTART|SA_SIGINFO


---------------  S Y S T E M  ---------------

OS:DISTRIB_ID=Ubuntu
DISTRIB_RELEASE=14.04
DISTRIB_CODENAME=trusty
DISTRIB_DESCRIPTION="Ubuntu 14.04.5 LTS"

uname:Linux 4.9.120-c9 #1 SMP Wed Aug 15 22:48:26 UTC 2018 x86_64
libc:glibc 2.19 NPTL 2.19 
rlimit: STACK 8192k, CORE 0k, NPROC 1048576, NOFILE 1048576, AS infinity
load average:0.61 0.87 0.97

/proc/meminfo:
MemTotal:       53595384 kB
MemFree:         4687404 kB
MemAvailable:   33217480 kB
Buffers:         8807620 kB
Cached:         26222284 kB
SwapCached:        11176 kB
Active:         28935408 kB
Inactive:       12662636 kB
Active(anon):    4884112 kB
Inactive(anon):  3109860 kB
Active(file):   24051296 kB
Inactive(file):  9552776 kB
Unevictable:       48128 kB
Mlocked:           48128 kB
SwapTotal:      52428796 kB
SwapFree:       52292984 kB
Dirty:               876 kB
Writeback:             8 kB
AnonPages:       6590984 kB
Mapped:           718744 kB
Shmem:           1432120 kB
Slab:            6656032 kB
SReclaimable:    5044772 kB
SUnreclaim:      1611260 kB
KernelStack:       71200 kB
PageTables:       134296 kB
NFS_Unstable:          0 kB
Bounce:                0 kB
WritebackTmp:          0 kB
CommitLimit:    79226488 kB
Committed_AS:   28937892 kB
VmallocTotal:   34359738367 kB
VmallocUsed:           0 kB
VmallocChunk:          0 kB
HardwareCorrupted:     0 kB
AnonHugePages:     92160 kB
ShmemHugePages:        0 kB
ShmemPmdMapped:        0 kB
HugePages_Total:       0
HugePages_Free:        0
HugePages_Rsvd:        0
HugePages_Surp:        0
Hugepagesize:       2048 kB
DirectMap4k:     2052084 kB
DirectMap2M:    46182400 kB
DirectMap1G:     8388608 kB

container (cgroup) information:
container_type: cgroupv1
cpu_cpuset_cpus: 0-7
cpu_memory_nodes: 0
active_processor_count: 2
cpu_quota: 280000
cpu_period: 200000
cpu_shares: 130
memory_limit_in_bytes: 536870912
memory_and_swap_limit_in_bytes: 1610612736
memory_soft_limit_in_bytes: -1
memory_usage_in_bytes: 164569088
memory_max_usage_in_bytes: 301875200


CPU:total 8 (initial active 2) (4 cores per cpu, 2 threads per core) family 6 model 63 stepping 0, cmov, cx8, fxsr, mmx, sse, sse2, sse3, ssse3, sse4.1, sse4.2, popcnt, avx, avx2, aes, clmul, erms, lzcnt, ht, tsc, tscinvbit, bmi1, bmi2

/proc/cpuinfo:
processor	: 0
vendor_id	: GenuineIntel
cpu family	: 6
model		: 63
model name	: Intel(R) Xeon(R) CPU @ 2.30GHz
stepping	: 0
microcode	: 0x1
cpu MHz		: 2300.000
cache size	: 46080 KB
physical id	: 0
siblings	: 8
core id		: 0
cpu cores	: 4
apicid		: 0
initial apicid	: 0
fpu		: yes
fpu_exception	: yes
cpuid level	: 13
wp		: yes
flags		: fpu vme de pse tsc msr pae mce cx8 apic sep mtrr pge mca cmov pat pse36 clflush mmx fxsr sse sse2 ss ht syscall nx pdpe1gb rdtscp lm constant_tsc rep_good nopl xtopology nonstop_tsc pni pclmulqdq ssse3 fma cx16 pcid sse4_1 sse4_2 x2apic movbe popcnt aes xsave avx f16c rdrand hypervisor lahf_lm abm invpcid_single ssbd ibrs ibpb stibp kaiser fsgsbase tsc_adjust bmi1 avx2 smep bmi2 erms invpcid xsaveopt arat arch_capabilities
bugs		: cpu_meltdown spectre_v1 spectre_v2 spec_store_bypass l1tf
bogomips	: 4600.00
clflush size	: 64
cache_alignment	: 64
address sizes	: 46 bits physical, 48 bits virtual
power management:

processor	: 1
vendor_id	: GenuineIntel
cpu family	: 6
model		: 63
model name	: Intel(R) Xeon(R) CPU @ 2.30GHz
stepping	: 0
microcode	: 0x1
cpu MHz		: 2300.000
cache size	: 46080 KB
physical id	: 0
siblings	: 8
core id		: 1
cpu cores	: 4
apicid		: 2
initial apicid	: 2
fpu		: yes
fpu_exception	: yes
cpuid level	: 13
wp		: yes
flags		: fpu vme de pse tsc msr pae mce cx8 apic sep mtrr pge mca cmov pat pse36 clflush mmx fxsr sse sse2 ss ht syscall nx pdpe1gb rdtscp lm constant_tsc rep_good nopl xtopology nonstop_tsc pni pclmulqdq ssse3 fma cx16 pcid sse4_1 sse4_2 x2apic movbe popcnt aes xsave avx f16c rdrand hypervisor lahf_lm abm invpcid_single ssbd ibrs ibpb stibp kaiser fsgsbase tsc_adjust bmi1 avx2 smep bmi2 erms invpcid xsaveopt arat arch_capabilities
bugs		: cpu_meltdown spectre_v1 spectre_v2 spec_store_bypass l1tf
bogomips	: 4600.00
clflush size	: 64
cache_alignment	: 64
address sizes	: 46 bits physical, 48 bits virtual
power management:

processor	: 2
vendor_id	: GenuineIntel
cpu family	: 6
model		: 63
model name	: Intel(R) Xeon(R) CPU @ 2.30GHz
stepping	: 0
microcode	: 0x1
cpu MHz		: 2300.000
cache size	: 46080 KB
physical id	: 0
siblings	: 8
core id		: 2
cpu cores	: 4
apicid		: 4
initial apicid	: 4
fpu		: yes
fpu_exception	: yes
cpuid level	: 13
wp		: yes
flags		: fpu vme de pse tsc msr pae mce cx8 apic sep mtrr pge mca cmov pat pse36 clflush mmx fxsr sse sse2 ss ht syscall nx pdpe1gb rdtscp lm constant_tsc rep_good nopl xtopology nonstop_tsc pni pclmulqdq ssse3 fma cx16 pcid sse4_1 sse4_2 x2apic movbe popcnt aes xsave avx f16c rdrand hypervisor lahf_lm abm invpcid_single ssbd ibrs ibpb stibp kaiser fsgsbase tsc_adjust bmi1 avx2 smep bmi2 erms invpcid xsaveopt arat arch_capabilities
bugs		: cpu_meltdown spectre_v1 spectre_v2 spec_store_bypass l1tf
bogomips	: 4600.00
clflush size	: 64
cache_alignment	: 64
address sizes	: 46 bits physical, 48 bits virtual
power management:

processor	: 3
vendor_id	: GenuineIntel
cpu family	: 6
model		: 63
model name	: Intel(R) Xeon(R) CPU @ 2.30GHz
stepping	: 0
microcode	: 0x1
cpu MHz		: 2300.000
cache size	: 46080 KB
physical id	: 0
siblings	: 8
core id		: 3
cpu cores	: 4
apicid		: 6
initial apicid	: 6
fpu		: yes
fpu_exception	: yes
cpuid level	: 13
wp		: yes
flags		: fpu vme de pse tsc msr pae mce cx8 apic sep mtrr pge mca cmov pat pse36 clflush mmx fxsr sse sse2 ss ht syscall nx pdpe1gb rdtscp lm constant_tsc rep_good nopl xtopology nonstop_tsc pni pclmulqdq ssse3 fma cx16 pcid sse4_1 sse4_2 x2apic movbe popcnt aes xsave avx f16c rdrand hypervisor lahf_lm abm invpcid_single ssbd ibrs ibpb stibp kaiser fsgsbase tsc_adjust bmi1 avx2 smep bmi2 erms invpcid xsaveopt arat arch_capabilities
bugs		: cpu_meltdown spectre_v1 spectre_v2 spec_store_bypass l1tf
bogomips	: 4600.00
clflush size	: 64
cache_alignment	: 64
address sizes	: 46 bits physical, 48 bits virtual
power management:

processor	: 4
vendor_id	: GenuineIntel
cpu family	: 6
model		: 63
model name	: Intel(R) Xeon(R) CPU @ 2.30GHz
stepping	: 0
microcode	: 0x1
cpu MHz		: 2300.000
cache size	: 46080 KB
physical id	: 0
siblings	: 8
core id		: 0
cpu cores	: 4
apicid		: 1
initial apicid	: 1
fpu		: yes
fpu_exception	: yes
cpuid level	: 13
wp		: yes
flags		: fpu vme de pse tsc msr pae mce cx8 apic sep mtrr pge mca cmov pat pse36 clflush mmx fxsr sse sse2 ss ht syscall nx pdpe1gb rdtscp lm constant_tsc rep_good nopl xtopology nonstop_tsc pni pclmulqdq ssse3 fma cx16 pcid sse4_1 sse4_2 x2apic movbe popcnt aes xsave avx f16c rdrand hypervisor lahf_lm abm invpcid_single ssbd ibrs ibpb stibp kaiser fsgsbase tsc_adjust bmi1 avx2 smep bmi2 erms invpcid xsaveopt arat arch_capabilities
bugs		: cpu_meltdown spectre_v1 spectre_v2 spec_store_bypass l1tf
bogomips	: 4600.00
clflush size	: 64
cache_alignment	: 64
address sizes	: 46 bits physical, 48 bits virtual
power management:

processor	: 5
vendor_id	: GenuineIntel
cpu family	: 6
model		: 63
model name	: Intel(R) Xeon(R) CPU @ 2.30GHz
stepping	: 0
microcode	: 0x1
cpu MHz		: 2300.000
cache size	: 46080 KB
physical id	: 0
siblings	: 8
core id		: 1
cpu cores	: 4
apicid		: 3
initial apicid	: 3
fpu		: yes
fpu_exception	: yes
cpuid level	: 13
wp		: yes
flags		: fpu vme de pse tsc msr pae mce cx8 apic sep mtrr pge mca cmov pat pse36 clflush mmx fxsr sse sse2 ss ht syscall nx pdpe1gb rdtscp lm constant_tsc rep_good nopl xtopology nonstop_tsc pni pclmulqdq ssse3 fma cx16 pcid sse4_1 sse4_2 x2apic movbe popcnt aes xsave avx f16c rdrand hypervisor lahf_lm abm invpcid_single ssbd ibrs ibpb stibp kaiser fsgsbase tsc_adjust bmi1 avx2 smep bmi2 erms invpcid xsaveopt arat arch_capabilities
bugs		: cpu_meltdown spectre_v1 spectre_v2 spec_store_bypass l1tf
bogomips	: 4600.00
clflush size	: 64
cache_alignment	: 64
address sizes	: 46 bits physical, 48 bits virtual
power management:

processor	: 6
vendor_id	: GenuineIntel
cpu family	: 6
model		: 63
model name	: Intel(R) Xeon(R) CPU @ 2.30GHz
stepping	: 0
microcode	: 0x1
cpu MHz		: 2300.000
cache size	: 46080 KB
physical id	: 0
siblings	: 8
core id		: 2
cpu cores	: 4
apicid		: 5
initial apicid	: 5
fpu		: yes
fpu_exception	: yes
cpuid level	: 13
wp		: yes
flags		: fpu vme de pse tsc msr pae mce cx8 apic sep mtrr pge mca cmov pat pse36 clflush mmx fxsr sse sse2 ss ht syscall nx pdpe1gb rdtscp lm constant_tsc rep_good nopl xtopology nonstop_tsc pni pclmulqdq ssse3 fma cx16 pcid sse4_1 sse4_2 x2apic movbe popcnt aes xsave avx f16c rdrand hypervisor lahf_lm abm invpcid_single ssbd ibrs ibpb stibp kaiser fsgsbase tsc_adjust bmi1 avx2 smep bmi2 erms invpcid xsaveopt arat arch_capabilities
bugs		: cpu_meltdown spectre_v1 spectre_v2 spec_store_bypass l1tf
bogomips	: 4600.00
clflush size	: 64
cache_alignment	: 64
address sizes	: 46 bits physical, 48 bits virtual
power management:

processor	: 7
vendor_id	: GenuineIntel
cpu family	: 6
model		: 63
model name	: Intel(R) Xeon(R) CPU @ 2.30GHz
stepping	: 0
microcode	: 0x1
cpu MHz		: 2300.000
cache size	: 46080 KB
physical id	: 0
siblings	: 8
core id		: 3
cpu cores	: 4
apicid		: 7
initial apicid	: 7
fpu		: yes
fpu_exception	: yes
cpuid level	: 13
wp		: yes
flags		: fpu vme de pse tsc msr pae mce cx8 apic sep mtrr pge mca cmov pat pse36 clflush mmx fxsr sse sse2 ss ht syscall nx pdpe1gb rdtscp lm constant_tsc rep_good nopl xtopology nonstop_tsc pni pclmulqdq ssse3 fma cx16 pcid sse4_1 sse4_2 x2apic movbe popcnt aes xsave avx f16c rdrand hypervisor lahf_lm abm invpcid_single ssbd ibrs ibpb stibp kaiser fsgsbase tsc_adjust bmi1 avx2 smep bmi2 erms invpcid xsaveopt arat arch_capabilities
bugs		: cpu_meltdown spectre_v1 spectre_v2 spec_store_bypass l1tf
bogomips	: 4600.00
clflush size	: 64
cache_alignment	: 64
address sizes	: 46 bits physical, 48 bits virtual
power management:



Memory: 4k page, physical 524288k(363464k free), swap 52428796k(52292984k free)

vm_info: Java HotSpot(TM) 64-Bit Server VM (25.191-b12) for linux-amd64 JRE (1.8.0_191-b12), built on Oct  6 2018 05:43:09 by "java_re" with gcc 7.3.0

time: Thu Mar 28 13:12:34 2019
elapsed time: 91 seconds (0d 0h 1m 31s)

